{
  "RSpec": {
    "coverage": {
      "/Users/zoekavanagh/Projects/bowling_challenge_ruby/spec/calculate_score_spec.rb": [
        1,
        null,
        1,
        1,
        4,
        3,
        3,
        null,
        1,
        1,
        1,
        null,
        null,
        1,
        1,
        10,
        1,
        null,
        null,
        1,
        1,
        11,
        1,
        null,
        null,
        1,
        1,
        10,
        1,
        null,
        null,
        1,
        1,
        1,
        10,
        1,
        1,
        null,
        null,
        null
      ],
      "/Users/zoekavanagh/Projects/bowling_challenge_ruby/lib/calculate_score.rb": [
        1,
        null,
        1,
        13,
        null,
        null,
        1,
        6,
        66,
        6,
        null,
        null,
        1,
        null,
        1,
        60,
        60,
        null,
        null,
        1,
        60,
        54,
        54,
        null,
        null,
        null,
        1,
        54,
        29,
        null,
        null,
        null,
        1,
        54,
        10,
        2,
        8,
        8,
        null,
        null,
        null,
        null
      ],
      "/Users/zoekavanagh/Projects/bowling_challenge_ruby/spec/final_frame_spec.rb": [
        1,
        1,
        null,
        1,
        1,
        1,
        4,
        1,
        null,
        null,
        1,
        1,
        1,
        1,
        null,
        null,
        1,
        1,
        1,
        1,
        1,
        null,
        null,
        null
      ],
      "/Users/zoekavanagh/Projects/bowling_challenge_ruby/lib/frame.rb": [
        1,
        1,
        null,
        1,
        1,
        1,
        null,
        1,
        88,
        null,
        null,
        1,
        16,
        null,
        null,
        1,
        199,
        null,
        null,
        1,
        154,
        null,
        null,
        1,
        48,
        null,
        null,
        1,
        195,
        null,
        null,
        1,
        0,
        null,
        null
      ],
      "/Users/zoekavanagh/Projects/bowling_challenge_ruby/lib/final_frame.rb": [
        1,
        null,
        1,
        null,
        1,
        51,
        45,
        null,
        null,
        1,
        0,
        null,
        null,
        1,
        null,
        1,
        48,
        4,
        4,
        null,
        null,
        null
      ],
      "/Users/zoekavanagh/Projects/bowling_challenge_ruby/spec/frame_spec.rb": [
        1,
        null,
        1,
        1,
        1,
        1,
        1,
        null,
        null,
        null,
        1,
        1,
        1,
        1,
        1,
        null,
        null,
        null,
        1,
        1,
        1,
        1,
        1,
        null,
        null,
        null,
        1,
        1,
        1,
        null,
        null,
        1,
        1,
        1,
        null,
        null,
        null
      ],
      "/Users/zoekavanagh/Projects/bowling_challenge_ruby/spec/game_spec.rb": [
        null,
        1,
        null,
        1,
        1,
        1,
        1,
        null,
        null,
        1,
        1,
        1,
        null,
        null,
        1,
        4,
        1,
        null,
        null,
        1,
        1,
        1,
        1,
        null,
        null,
        1,
        4,
        1,
        null,
        null,
        1,
        11,
        1,
        1,
        null,
        null,
        1,
        1,
        2,
        null,
        null,
        null,
        1,
        1,
        22,
        1,
        null,
        null,
        null
      ],
      "/Users/zoekavanagh/Projects/bowling_challenge_ruby/lib/game.rb": [
        1,
        1,
        1,
        null,
        1,
        1,
        null,
        1,
        null,
        1,
        8,
        80,
        8,
        null,
        null,
        1,
        44,
        43,
        null,
        null,
        1,
        1,
        null,
        null,
        1,
        null,
        1,
        43,
        null,
        null,
        1,
        43,
        null,
        null,
        1,
        43,
        null,
        null
      ]
    },
    "timestamp": 1533382140
  }
}
